<?xml version="1.0" encoding="UTF-8"?>
<!-- Generated by org.testng.reporters.JUnitReportReporter -->
<testsuite hostname="DESKTOP-O9HHVRM" failures="0" tests="4" name="org.testng.Task" time="31.361" errors="0" timestamp="04 Feb 2022 09:31:34 GMT" skipped="0">
  <testcase classname="org.testng.Task" name="testcase1" time="7.705"/>
  <testcase classname="org.testng.Task" name="testcase4" time="9.401"/>
  <testcase classname="org.testng.Task" name="testcase3" time="5.896"/>
  <testcase classname="org.testng.Task" name="testcase2" time="8.359"/>
</testsuite> <!-- org.testng.Task -->
