<?xml version="1.0" encoding="UTF-8"?>
<!-- Generated by org.testng.reporters.JUnitReportReporter -->
<testsuite hostname="DESKTOP-O9HHVRM" failures="0" tests="1" name="org.testng.Task2" time="9.699" errors="0" timestamp="02 Feb 2022 04:17:09 GMT" skipped="0">
  <testcase classname="org.testng.Task2" name="testcase1" time="9.699"/>
</testsuite> <!-- org.testng.Task2 -->
