<?xml version="1.0" encoding="UTF-8"?>
<!-- Generated by org.testng.reporters.JUnitReportReporter -->
<testsuite hostname="DESKTOP-O9HHVRM" failures="0" tests="4" name="org.testng.Task" time="65.961" errors="0" timestamp="03 Feb 2022 12:10:43 GMT" skipped="0">
  <testcase classname="org.testng.Task" name="testcase1" time="25.301"/>
  <testcase classname="org.testng.Task" name="testcase2" time="16.698"/>
  <testcase classname="org.testng.Task" name="testcase4" time="11.403"/>
  <testcase classname="org.testng.Task" name="testcase3" time="12.559"/>
</testsuite> <!-- org.testng.Task -->
