<?xml version="1.0" encoding="UTF-8"?>
<!-- Generated by org.testng.reporters.JUnitReportReporter -->
<testsuite hostname="DESKTOP-O9HHVRM" failures="0" tests="4" name="org.testng.Task" time="19.977" errors="0" timestamp="04 Feb 2022 09:37:48 GMT" skipped="0">
  <testcase classname="org.testng.Task" name="testcase4" time="4.975"/>
  <testcase classname="org.testng.Task" name="testcase1" time="4.752"/>
  <testcase classname="org.testng.Task" name="testcase3" time="5.329"/>
  <testcase classname="org.testng.Task" name="testcase2" time="4.921"/>
</testsuite> <!-- org.testng.Task -->
